<?xml version="1.0" encoding="UTF-8"?>
<testsuites>
  <testsuite name="" tests="55" assertions="78" errors="0" failures="0" skipped="0" time="1.843962">
    <testsuite name="Feature" tests="55" assertions="78" errors="0" failures="0" skipped="0" time="1.843962">
      <testsuite name="Tests\Feature\Playground\Site\Blade\Console\Commands\About\CommandTest" file="/app/tests/Feature/Console/Commands/About/CommandTest.php" tests="1" assertions="2" errors="0" failures="0" skipped="0" time="0.307749">
        <testcase name="test_command_about_displays_package_information_and_succeed_with_code_0" file="/app/tests/Feature/Console/Commands/About/CommandTest.php" line="19" class="Tests\Feature\Playground\Site\Blade\Console\Commands\About\CommandTest" classname="Tests.Feature.Playground.Site.Blade.Console.Commands.About.CommandTest" assertions="2" time="0.307749"/>
      </testsuite>
      <testsuite name="Tests\Feature\Playground\Site\Blade\Http\Controllers\AboutRouteTest" file="/app/tests/Feature/Http/Controllers/AboutRouteTest.php" tests="4" assertions="4" errors="0" failures="0" skipped="0" time="0.191082">
        <testcase name="test_route_about_as_guest_and_succeed" file="/app/tests/Feature/Http/Controllers/AboutRouteTest.php" line="18" class="Tests\Feature\Playground\Site\Blade\Http\Controllers\AboutRouteTest" classname="Tests.Feature.Playground.Site.Blade.Http.Controllers.AboutRouteTest" assertions="1" time="0.095553"/>
        <testcase name="test_route_json_about_as_guest_and_succeed" file="/app/tests/Feature/Http/Controllers/AboutRouteTest.php" line="26" class="Tests\Feature\Playground\Site\Blade\Http\Controllers\AboutRouteTest" classname="Tests.Feature.Playground.Site.Blade.Http.Controllers.AboutRouteTest" assertions="1" time="0.022802"/>
        <testcase name="test_route_about_as_client_and_succeed" file="/app/tests/Feature/Http/Controllers/AboutRouteTest.php" line="32" class="Tests\Feature\Playground\Site\Blade\Http\Controllers\AboutRouteTest" classname="Tests.Feature.Playground.Site.Blade.Http.Controllers.AboutRouteTest" assertions="1" time="0.046561"/>
        <testcase name="test_route_json_about_as_manager_and_succeed" file="/app/tests/Feature/Http/Controllers/AboutRouteTest.php" line="43" class="Tests\Feature\Playground\Site\Blade\Http\Controllers\AboutRouteTest" classname="Tests.Feature.Playground.Site.Blade.Http.Controllers.AboutRouteTest" assertions="1" time="0.026165"/>
      </testsuite>
      <testsuite name="Tests\Feature\Playground\Site\Blade\Http\Controllers\BootstrapRouteTest" file="/app/tests/Feature/Http/Controllers/BootstrapRouteTest.php" tests="4" assertions="4" errors="0" failures="0" skipped="0" time="0.130126">
        <testcase name="test_route_bootstrap_as_guest_and_succeed" file="/app/tests/Feature/Http/Controllers/BootstrapRouteTest.php" line="28" class="Tests\Feature\Playground\Site\Blade\Http\Controllers\BootstrapRouteTest" classname="Tests.Feature.Playground.Site.Blade.Http.Controllers.BootstrapRouteTest" assertions="1" time="0.038469"/>
        <testcase name="test_route_json_bootstrap_as_guest_and_succeed" file="/app/tests/Feature/Http/Controllers/BootstrapRouteTest.php" line="34" class="Tests\Feature\Playground\Site\Blade\Http\Controllers\BootstrapRouteTest" classname="Tests.Feature.Playground.Site.Blade.Http.Controllers.BootstrapRouteTest" assertions="1" time="0.027493"/>
        <testcase name="test_route_bootstrap_as_vendor_and_succeed" file="/app/tests/Feature/Http/Controllers/BootstrapRouteTest.php" line="40" class="Tests\Feature\Playground\Site\Blade\Http\Controllers\BootstrapRouteTest" classname="Tests.Feature.Playground.Site.Blade.Http.Controllers.BootstrapRouteTest" assertions="1" time="0.032728"/>
        <testcase name="test_route_json_bootstrap_as_wheel_and_succeed" file="/app/tests/Feature/Http/Controllers/BootstrapRouteTest.php" line="51" class="Tests\Feature\Playground\Site\Blade\Http\Controllers\BootstrapRouteTest" classname="Tests.Feature.Playground.Site.Blade.Http.Controllers.BootstrapRouteTest" assertions="1" time="0.031436"/>
      </testsuite>
      <testsuite name="Tests\Feature\Playground\Site\Blade\Http\Controllers\PublicDashboardRouteTest" file="/app/tests/Feature/Http/Controllers/PublicDashboardRouteTest.php" tests="4" assertions="6" errors="0" failures="0" skipped="0" time="0.107578">
        <testcase name="test_route_dashboard_as_guest_and_fail_when_disabled_for_guest_and_no_redirect" file="/app/tests/Feature/Http/Controllers/PublicDashboardRouteTest.php" line="27" class="Tests\Feature\Playground\Site\Blade\Http\Controllers\PublicDashboardRouteTest" classname="Tests.Feature.Playground.Site.Blade.Http.Controllers.PublicDashboardRouteTest" assertions="1" time="0.042266"/>
        <testcase name="test_route_dashboard_as_guest_and_redirect_when_disabled_for_all" file="/app/tests/Feature/Http/Controllers/PublicDashboardRouteTest.php" line="43" class="Tests\Feature\Playground\Site\Blade\Http\Controllers\PublicDashboardRouteTest" classname="Tests.Feature.Playground.Site.Blade.Http.Controllers.PublicDashboardRouteTest" assertions="2" time="0.021784"/>
        <testcase name="test_route_dashboard_as_guest_and_redirect_when_disabled_for_guest" file="/app/tests/Feature/Http/Controllers/PublicDashboardRouteTest.php" line="52" class="Tests\Feature\Playground\Site\Blade\Http\Controllers\PublicDashboardRouteTest" classname="Tests.Feature.Playground.Site.Blade.Http.Controllers.PublicDashboardRouteTest" assertions="2" time="0.021741"/>
        <testcase name="test_route_json_dashboard_as_guest_and_succeed" file="/app/tests/Feature/Http/Controllers/PublicDashboardRouteTest.php" line="62" class="Tests\Feature\Playground\Site\Blade\Http\Controllers\PublicDashboardRouteTest" classname="Tests.Feature.Playground.Site.Blade.Http.Controllers.PublicDashboardRouteTest" assertions="1" time="0.021788"/>
      </testsuite>
      <testsuite name="Tests\Feature\Playground\Site\Blade\Http\Controllers\PublicHomeRouteTest" file="/app/tests/Feature/Http/Controllers/PublicHomeRouteTest.php" tests="4" assertions="4" errors="0" failures="0" skipped="0" time="0.113675">
        <testcase name="test_route_home_as_guest_and_succeed" file="/app/tests/Feature/Http/Controllers/PublicHomeRouteTest.php" line="28" class="Tests\Feature\Playground\Site\Blade\Http\Controllers\PublicHomeRouteTest" classname="Tests.Feature.Playground.Site.Blade.Http.Controllers.PublicHomeRouteTest" assertions="1" time="0.033520"/>
        <testcase name="test_route_json_home_as_guest_and_succeed" file="/app/tests/Feature/Http/Controllers/PublicHomeRouteTest.php" line="34" class="Tests\Feature\Playground\Site\Blade\Http\Controllers\PublicHomeRouteTest" classname="Tests.Feature.Playground.Site.Blade.Http.Controllers.PublicHomeRouteTest" assertions="1" time="0.022127"/>
        <testcase name="test_route_home_as_user_admin_and_succeed" file="/app/tests/Feature/Http/Controllers/PublicHomeRouteTest.php" line="40" class="Tests\Feature\Playground\Site\Blade\Http\Controllers\PublicHomeRouteTest" classname="Tests.Feature.Playground.Site.Blade.Http.Controllers.PublicHomeRouteTest" assertions="1" time="0.031997"/>
        <testcase name="test_route_json_home_as_admin_and_succeed" file="/app/tests/Feature/Http/Controllers/PublicHomeRouteTest.php" line="51" class="Tests\Feature\Playground\Site\Blade\Http\Controllers\PublicHomeRouteTest" classname="Tests.Feature.Playground.Site.Blade.Http.Controllers.PublicHomeRouteTest" assertions="1" time="0.026030"/>
      </testsuite>
      <testsuite name="Tests\Feature\Playground\Site\Blade\Http\Controllers\PublicSitemapRouteTest" file="/app/tests/Feature/Http/Controllers/PublicSitemapRouteTest.php" tests="9" assertions="12" errors="0" failures="0" skipped="0" time="0.254716">
        <testcase name="test_route_sitemap_as_guest_and_fail_when_disabled_for_guest_and_no_redirect" file="/app/tests/Feature/Http/Controllers/PublicSitemapRouteTest.php" line="16" class="Tests\Feature\Playground\Site\Blade\Http\Controllers\PublicSitemapRouteTest" classname="Tests.Feature.Playground.Site.Blade.Http.Controllers.PublicSitemapRouteTest" assertions="1" time="0.046091"/>
        <testcase name="test_route_sitemap_as_guest_and_redirect_when_disabled_for_all" file="/app/tests/Feature/Http/Controllers/PublicSitemapRouteTest.php" line="26" class="Tests\Feature\Playground\Site\Blade\Http\Controllers\PublicSitemapRouteTest" classname="Tests.Feature.Playground.Site.Blade.Http.Controllers.PublicSitemapRouteTest" assertions="2" time="0.021885"/>
        <testcase name="test_route_sitemap_as_guest_and_redirect_when_disabled_for_guest" file="/app/tests/Feature/Http/Controllers/PublicSitemapRouteTest.php" line="35" class="Tests\Feature\Playground\Site\Blade\Http\Controllers\PublicSitemapRouteTest" classname="Tests.Feature.Playground.Site.Blade.Http.Controllers.PublicSitemapRouteTest" assertions="2" time="0.022259"/>
        <testcase name="test_route_json_sitemap_as_guest_and_succeed" file="/app/tests/Feature/Http/Controllers/PublicSitemapRouteTest.php" line="45" class="Tests\Feature\Playground\Site\Blade\Http\Controllers\PublicSitemapRouteTest" classname="Tests.Feature.Playground.Site.Blade.Http.Controllers.PublicSitemapRouteTest" assertions="1" time="0.028011"/>
        <testcase name="test_route_sitemap_as_user_and_succeed" file="/app/tests/Feature/Http/Controllers/PublicSitemapRouteTest.php" line="55" class="Tests\Feature\Playground\Site\Blade\Http\Controllers\PublicSitemapRouteTest" classname="Tests.Feature.Playground.Site.Blade.Http.Controllers.PublicSitemapRouteTest" assertions="1" time="0.027186"/>
        <testcase name="test_route_sitemap_as_support_and_fail_when_disabled_for_all" file="/app/tests/Feature/Http/Controllers/PublicSitemapRouteTest.php" line="69" class="Tests\Feature\Playground\Site\Blade\Http\Controllers\PublicSitemapRouteTest" classname="Tests.Feature.Playground.Site.Blade.Http.Controllers.PublicSitemapRouteTest" assertions="2" time="0.026632"/>
        <testcase name="test_route_sitemap_as_user_and_fail_when_disabled_for_all_and_no_redirect" file="/app/tests/Feature/Http/Controllers/PublicSitemapRouteTest.php" line="82" class="Tests\Feature\Playground\Site\Blade\Http\Controllers\PublicSitemapRouteTest" classname="Tests.Feature.Playground.Site.Blade.Http.Controllers.PublicSitemapRouteTest" assertions="1" time="0.027787"/>
        <testcase name="test_route_json_sitemap_as_admin_and_succeed" file="/app/tests/Feature/Http/Controllers/PublicSitemapRouteTest.php" line="95" class="Tests\Feature\Playground\Site\Blade\Http\Controllers\PublicSitemapRouteTest" classname="Tests.Feature.Playground.Site.Blade.Http.Controllers.PublicSitemapRouteTest" assertions="1" time="0.028077"/>
        <testcase name="test_route_sitemap_as_user_and_succeed_with_package_sitemaps" file="/app/tests/Feature/Http/Controllers/PublicSitemapRouteTest.php" line="110" class="Tests\Feature\Playground\Site\Blade\Http\Controllers\PublicSitemapRouteTest" classname="Tests.Feature.Playground.Site.Blade.Http.Controllers.PublicSitemapRouteTest" assertions="1" time="0.026789"/>
      </testsuite>
      <testsuite name="Tests\Feature\Playground\Site\Blade\Http\Controllers\ThemeRouteTest" file="/app/tests/Feature/Http/Controllers/ThemeRouteTest.php" tests="4" assertions="7" errors="0" failures="0" skipped="0" time="0.103114">
        <testcase name="test_route_theme_as_guest_and_succeed" file="/app/tests/Feature/Http/Controllers/ThemeRouteTest.php" line="16" class="Tests\Feature\Playground\Site\Blade\Http\Controllers\ThemeRouteTest" classname="Tests.Feature.Playground.Site.Blade.Http.Controllers.ThemeRouteTest" assertions="2" time="0.021793"/>
        <testcase name="test_route_theme_as_guest_with_preview_and_succeed" file="/app/tests/Feature/Http/Controllers/ThemeRouteTest.php" line="22" class="Tests\Feature\Playground\Site\Blade\Http\Controllers\ThemeRouteTest" classname="Tests.Feature.Playground.Site.Blade.Http.Controllers.ThemeRouteTest" assertions="1" time="0.028238"/>
        <testcase name="test_route_theme_as_partner_and_succeed" file="/app/tests/Feature/Http/Controllers/ThemeRouteTest.php" line="28" class="Tests\Feature\Playground\Site\Blade\Http\Controllers\ThemeRouteTest" classname="Tests.Feature.Playground.Site.Blade.Http.Controllers.ThemeRouteTest" assertions="2" time="0.025995"/>
        <testcase name="test_route_theme_as_sales_and_succeed_with_theme_and_redirect" file="/app/tests/Feature/Http/Controllers/ThemeRouteTest.php" line="41" class="Tests\Feature\Playground\Site\Blade\Http\Controllers\ThemeRouteTest" classname="Tests.Feature.Playground.Site.Blade.Http.Controllers.ThemeRouteTest" assertions="2" time="0.027088"/>
      </testsuite>
      <testsuite name="Tests\Feature\Playground\Site\Blade\Http\Controllers\UserDashboardRouteTest" file="/app/tests/Feature/Http/Controllers/UserDashboardRouteTest.php" tests="8" assertions="16" errors="0" failures="0" skipped="0" time="0.200638">
        <testcase name="test_route_dashboard_as_guest_and_fail_when_disabled_for_guest_and_no_redirect_with_auth_middleware" file="/app/tests/Feature/Http/Controllers/UserDashboardRouteTest.php" line="16" class="Tests\Feature\Playground\Site\Blade\Http\Controllers\UserDashboardRouteTest" classname="Tests.Feature.Playground.Site.Blade.Http.Controllers.UserDashboardRouteTest" assertions="3" time="0.022626"/>
        <testcase name="test_route_dashboard_as_guest_and_redirect" file="/app/tests/Feature/Http/Controllers/UserDashboardRouteTest.php" line="29" class="Tests\Feature\Playground\Site\Blade\Http\Controllers\UserDashboardRouteTest" classname="Tests.Feature.Playground.Site.Blade.Http.Controllers.UserDashboardRouteTest" assertions="3" time="0.021844"/>
        <testcase name="test_route_dashboard_as_guest_and_redirect_when_disabled_for_guest" file="/app/tests/Feature/Http/Controllers/UserDashboardRouteTest.php" line="37" class="Tests\Feature\Playground\Site\Blade\Http\Controllers\UserDashboardRouteTest" classname="Tests.Feature.Playground.Site.Blade.Http.Controllers.UserDashboardRouteTest" assertions="3" time="0.021700"/>
        <testcase name="test_route_json_dashboard_as_guest_and_fail" file="/app/tests/Feature/Http/Controllers/UserDashboardRouteTest.php" line="49" class="Tests\Feature\Playground\Site\Blade\Http\Controllers\UserDashboardRouteTest" classname="Tests.Feature.Playground.Site.Blade.Http.Controllers.UserDashboardRouteTest" assertions="2" time="0.022167"/>
        <testcase name="test_route_dashboard_as_user_and_succeed" file="/app/tests/Feature/Http/Controllers/UserDashboardRouteTest.php" line="62" class="Tests\Feature\Playground\Site\Blade\Http\Controllers\UserDashboardRouteTest" classname="Tests.Feature.Playground.Site.Blade.Http.Controllers.UserDashboardRouteTest" assertions="1" time="0.032290"/>
        <testcase name="test_route_dashboard_as_user_and_fail_when_disabled_for_all" file="/app/tests/Feature/Http/Controllers/UserDashboardRouteTest.php" line="76" class="Tests\Feature\Playground\Site\Blade\Http\Controllers\UserDashboardRouteTest" classname="Tests.Feature.Playground.Site.Blade.Http.Controllers.UserDashboardRouteTest" assertions="2" time="0.026153"/>
        <testcase name="test_route_dashboard_as_user_and_fail_when_disabled_for_all_and_no_redirect" file="/app/tests/Feature/Http/Controllers/UserDashboardRouteTest.php" line="89" class="Tests\Feature\Playground\Site\Blade\Http\Controllers\UserDashboardRouteTest" classname="Tests.Feature.Playground.Site.Blade.Http.Controllers.UserDashboardRouteTest" assertions="1" time="0.027019"/>
        <testcase name="test_route_json_dashboard_as_admin_and_succeed" file="/app/tests/Feature/Http/Controllers/UserDashboardRouteTest.php" line="102" class="Tests\Feature\Playground\Site\Blade\Http\Controllers\UserDashboardRouteTest" classname="Tests.Feature.Playground.Site.Blade.Http.Controllers.UserDashboardRouteTest" assertions="1" time="0.026839"/>
      </testsuite>
      <testsuite name="Tests\Feature\Playground\Site\Blade\Http\Controllers\UserHomeRouteTest" file="/app/tests/Feature/Http/Controllers/UserHomeRouteTest.php" tests="4" assertions="7" errors="0" failures="0" skipped="0" time="0.101849">
        <testcase name="test_route_home_as_guest_and_fail" file="/app/tests/Feature/Http/Controllers/UserHomeRouteTest.php" line="16" class="Tests\Feature\Playground\Site\Blade\Http\Controllers\UserHomeRouteTest" classname="Tests.Feature.Playground.Site.Blade.Http.Controllers.UserHomeRouteTest" assertions="3" time="0.022336"/>
        <testcase name="test_route_json_home_as_guest_and_fail" file="/app/tests/Feature/Http/Controllers/UserHomeRouteTest.php" line="24" class="Tests\Feature\Playground\Site\Blade\Http\Controllers\UserHomeRouteTest" classname="Tests.Feature.Playground.Site.Blade.Http.Controllers.UserHomeRouteTest" assertions="2" time="0.021695"/>
        <testcase name="test_route_home_as_user_admin_and_succeed" file="/app/tests/Feature/Http/Controllers/UserHomeRouteTest.php" line="34" class="Tests\Feature\Playground\Site\Blade\Http\Controllers\UserHomeRouteTest" classname="Tests.Feature.Playground.Site.Blade.Http.Controllers.UserHomeRouteTest" assertions="1" time="0.031222"/>
        <testcase name="test_route_json_home_as_admin_and_succeed" file="/app/tests/Feature/Http/Controllers/UserHomeRouteTest.php" line="45" class="Tests\Feature\Playground\Site\Blade\Http\Controllers\UserHomeRouteTest" classname="Tests.Feature.Playground.Site.Blade.Http.Controllers.UserHomeRouteTest" assertions="1" time="0.026595"/>
      </testsuite>
      <testsuite name="Tests\Feature\Playground\Site\Blade\Http\Controllers\UserSitemapRouteTest" file="/app/tests/Feature/Http/Controllers/UserSitemapRouteTest.php" tests="9" assertions="12" errors="0" failures="0" skipped="0" time="0.222833">
        <testcase name="test_route_sitemap_as_guest_and_fail_when_disabled_for_guest_and_no_redirect" file="/app/tests/Feature/Http/Controllers/UserSitemapRouteTest.php" line="28" class="Tests\Feature\Playground\Site\Blade\Http\Controllers\UserSitemapRouteTest" classname="Tests.Feature.Playground.Site.Blade.Http.Controllers.UserSitemapRouteTest" assertions="1" time="0.022928"/>
        <testcase name="test_route_sitemap_as_guest_and_redirect_when_disabled_for_all" file="/app/tests/Feature/Http/Controllers/UserSitemapRouteTest.php" line="38" class="Tests\Feature\Playground\Site\Blade\Http\Controllers\UserSitemapRouteTest" classname="Tests.Feature.Playground.Site.Blade.Http.Controllers.UserSitemapRouteTest" assertions="2" time="0.021998"/>
        <testcase name="test_route_sitemap_as_guest_and_redirect_when_disabled_for_guest" file="/app/tests/Feature/Http/Controllers/UserSitemapRouteTest.php" line="47" class="Tests\Feature\Playground\Site\Blade\Http\Controllers\UserSitemapRouteTest" classname="Tests.Feature.Playground.Site.Blade.Http.Controllers.UserSitemapRouteTest" assertions="2" time="0.021812"/>
        <testcase name="test_route_json_sitemap_as_guest_and_fail" file="/app/tests/Feature/Http/Controllers/UserSitemapRouteTest.php" line="57" class="Tests\Feature\Playground\Site\Blade\Http\Controllers\UserSitemapRouteTest" classname="Tests.Feature.Playground.Site.Blade.Http.Controllers.UserSitemapRouteTest" assertions="1" time="0.023332"/>
        <testcase name="test_route_sitemap_as_user_and_succeed" file="/app/tests/Feature/Http/Controllers/UserSitemapRouteTest.php" line="67" class="Tests\Feature\Playground\Site\Blade\Http\Controllers\UserSitemapRouteTest" classname="Tests.Feature.Playground.Site.Blade.Http.Controllers.UserSitemapRouteTest" assertions="1" time="0.026766"/>
        <testcase name="test_route_sitemap_as_support_and_fail_when_disabled_for_all" file="/app/tests/Feature/Http/Controllers/UserSitemapRouteTest.php" line="81" class="Tests\Feature\Playground\Site\Blade\Http\Controllers\UserSitemapRouteTest" classname="Tests.Feature.Playground.Site.Blade.Http.Controllers.UserSitemapRouteTest" assertions="2" time="0.025345"/>
        <testcase name="test_route_sitemap_as_user_and_fail_when_disabled_for_all_and_no_redirect" file="/app/tests/Feature/Http/Controllers/UserSitemapRouteTest.php" line="94" class="Tests\Feature\Playground\Site\Blade\Http\Controllers\UserSitemapRouteTest" classname="Tests.Feature.Playground.Site.Blade.Http.Controllers.UserSitemapRouteTest" assertions="1" time="0.026577"/>
        <testcase name="test_route_json_sitemap_as_admin_and_succeed" file="/app/tests/Feature/Http/Controllers/UserSitemapRouteTest.php" line="107" class="Tests\Feature\Playground\Site\Blade\Http\Controllers\UserSitemapRouteTest" classname="Tests.Feature.Playground.Site.Blade.Http.Controllers.UserSitemapRouteTest" assertions="1" time="0.027240"/>
        <testcase name="test_route_sitemap_as_user_and_succeed_with_package_sitemaps" file="/app/tests/Feature/Http/Controllers/UserSitemapRouteTest.php" line="122" class="Tests\Feature\Playground\Site\Blade\Http\Controllers\UserSitemapRouteTest" classname="Tests.Feature.Playground.Site.Blade.Http.Controllers.UserSitemapRouteTest" assertions="1" time="0.026834"/>
      </testsuite>
      <testsuite name="Tests\Feature\Playground\Site\Blade\Http\Controllers\WelcomeRouteTest" file="/app/tests/Feature/Http/Controllers/WelcomeRouteTest.php" tests="4" assertions="4" errors="0" failures="0" skipped="0" time="0.110601">
        <testcase name="test_route_welcome_as_guest_and_succeed" file="/app/tests/Feature/Http/Controllers/WelcomeRouteTest.php" line="16" class="Tests\Feature\Playground\Site\Blade\Http\Controllers\WelcomeRouteTest" classname="Tests.Feature.Playground.Site.Blade.Http.Controllers.WelcomeRouteTest" assertions="1" time="0.034549"/>
        <testcase name="test_route_json_welcome_as_guest_and_succeed" file="/app/tests/Feature/Http/Controllers/WelcomeRouteTest.php" line="22" class="Tests\Feature\Playground\Site\Blade\Http\Controllers\WelcomeRouteTest" classname="Tests.Feature.Playground.Site.Blade.Http.Controllers.WelcomeRouteTest" assertions="1" time="0.022568"/>
        <testcase name="test_route_welcome_as_user_and_succeed" file="/app/tests/Feature/Http/Controllers/WelcomeRouteTest.php" line="28" class="Tests\Feature\Playground\Site\Blade\Http\Controllers\WelcomeRouteTest" classname="Tests.Feature.Playground.Site.Blade.Http.Controllers.WelcomeRouteTest" assertions="1" time="0.026688"/>
        <testcase name="test_route_json_welcome_as_manager_admin_and_succeed" file="/app/tests/Feature/Http/Controllers/WelcomeRouteTest.php" line="38" class="Tests\Feature\Playground\Site\Blade\Http\Controllers\WelcomeRouteTest" classname="Tests.Feature.Playground.Site.Blade.Http.Controllers.WelcomeRouteTest" assertions="1" time="0.026797"/>
      </testsuite>
    </testsuite>
  </testsuite>
</testsuites>
